<?xml version="1.0" encoding="UTF-8"?>
<testsuite xmlns:xsi="http://www.w3.org/2001/XMLSchema-instance" xsi:noNamespaceSchemaLocation="https://maven.apache.org/surefire/maven-surefire-plugin/xsd/surefire-test-report-3.0.xsd" version="3.0" name="com.example.usercrud.repository.InMemoryUserRepositoryTest" time="0.128" tests="5" errors="0" skipped="0" failures="0">
  <properties>
[...]
</properties>
  <testcase name="findAll_ShouldReturnAllUsers" classname="com.example.usercrud.repository.InMemoryUserRepositoryTest" time="0.07"/>
  <testcase name="deleteById_ShouldRemoveUser" classname="com.example.usercrud.repository.InMemoryUserRepositoryTest" time="0.0"/>
  <testcase name="findById_ShouldReturnEmpty_WhenNotFound" classname="com.example.usercrud.repository.InMemoryUserRepositoryTest" time="0.0"/>
  <testcase name="save_ShouldStoreUser" classname="com.example.usercrud.repository.InMemoryUserRepositoryTest" time="0.0"/>
  <testcase name="findByEmail_ShouldFindUserIgnoringCase" classname="com.example.usercrud.repository.InMemoryUserRepositoryTest" time="0.017"/>
</testsuite>